2014/05/17 10:43:41 [error] [php] date(): It is not safe to rely on the system's timezone settings. You are *required* to use the date.timezone setting or the date_default_timezone_set() function. In case you used any of those methods and you are still getting this warning, you most likely misspelled the timezone identifier. We selected 'Asia/Chongqing' for 'CST/8.0/no DST' instead (/opt/nginx/yii/air/protected/views/layouts/main.php:51)
Stack trace:
#0 /opt/nginx/yii/framework/web/CBaseController.php(95): SiteController->renderInternal()
#1 /opt/nginx/yii/framework/web/widgets/CContentDecorator.php(76): SiteController->renderFile()
#2 /opt/nginx/yii/framework/web/widgets/CContentDecorator.php(54): CContentDecorator->decorate()
#3 /opt/nginx/yii/framework/web/widgets/COutputProcessor.php(44): CContentDecorator->processOutput()
#4 /opt/nginx/yii/framework/web/CBaseController.php(206): CContentDecorator->run()
#5 /opt/nginx/yii/framework/web/CBaseController.php(300): SiteController->endWidget()
#6 /opt/nginx/yii/air/protected/views/layouts/column1.php(6): SiteController->endContent()
#7 /opt/nginx/yii/framework/web/CBaseController.php(126): require()
#8 /opt/nginx/yii/framework/web/CBaseController.php(95): SiteController->renderInternal()
#9 /opt/nginx/yii/framework/web/CController.php(784): SiteController->renderFile()
#10 /opt/nginx/yii/air/protected/controllers/SiteController.php(32): SiteController->render()
#11 /opt/nginx/yii/framework/web/actions/CInlineAction.php(49): SiteController->actionIndex()
#12 /opt/nginx/yii/framework/web/CController.php(308): CInlineAction->runWithParams()
#13 /opt/nginx/yii/framework/web/CController.php(286): SiteController->runAction()
#14 /opt/nginx/yii/framework/web/CController.php(265): SiteController->runActionWithFilters()
#15 /opt/nginx/yii/framework/web/CWebApplication.php(282): SiteController->run()
#16 /opt/nginx/yii/framework/web/CWebApplication.php(141): CWebApplication->runController()
#17 /opt/nginx/yii/framework/base/CApplication.php(180): CWebApplication->processRequest()
#18 /opt/nginx/yii/air/index.php(13): CWebApplication->run()
REQUEST_URI=/
in /opt/nginx/yii/air/protected/views/layouts/main.php (51)
in /opt/nginx/yii/air/protected/views/layouts/column1.php (6)
in /opt/nginx/yii/air/protected/controllers/SiteController.php (32)
2014/05/17 22:37:43 [error] [php] SiteController::actionIndex(): It is not safe to rely on the system's timezone settings. You are *required* to use the date.timezone setting or the date_default_timezone_set() function. In case you used any of those methods and you are still getting this warning, you most likely misspelled the timezone identifier. We selected 'Asia/Chongqing' for 'CST/8.0/no DST' instead (/opt/nginx/yii/air/protected/controllers/SiteController.php:30)
Stack trace:
#0 /opt/nginx/yii/framework/web/CController.php(286): SiteController->runAction()
#1 /opt/nginx/yii/framework/web/CController.php(265): SiteController->runActionWithFilters()
#2 /opt/nginx/yii/framework/web/CWebApplication.php(282): SiteController->run()
#3 /opt/nginx/yii/framework/web/CWebApplication.php(141): CWebApplication->runController()
#4 /opt/nginx/yii/framework/base/CApplication.php(180): CWebApplication->processRequest()
#5 /opt/nginx/yii/air/index-test.php(15): CWebApplication->run()
REQUEST_URI=/index-test.php
2014/05/17 22:39:45 [error] [exception.CException] exception 'CException' with message 'Object configuration must be an array containing a "class" element.' in /opt/nginx/yii/framework/YiiBase.php:193
Stack trace:
#0 /opt/nginx/yii/framework/base/CModule.php(386): YiiBase::createComponent(Array)
#1 /opt/nginx/yii/framework/base/CModule.php(103): CModule->getComponent('db_radius')
#2 /opt/nginx/yii/air/protected/controllers/SiteController.php(131): CModule->__get('db_radius')
#3 /opt/nginx/yii/air/protected/controllers/SiteController.php(30): SiteController->autoLogin()
#4 /opt/nginx/yii/framework/web/actions/CInlineAction.php(49): SiteController->actionIndex()
#5 /opt/nginx/yii/framework/web/CController.php(308): CInlineAction->runWithParams(Array)
#6 /opt/nginx/yii/framework/web/CController.php(286): CController->runAction(Object(CInlineAction))
#7 /opt/nginx/yii/framework/web/CController.php(265): CController->runActionWithFilters(Object(CInlineAction), Array)
#8 /opt/nginx/yii/framework/web/CWebApplication.php(282): CController->run('')
#9 /opt/nginx/yii/framework/web/CWebApplication.php(141): CWebApplication->runController('')
#10 /opt/nginx/yii/framework/base/CApplication.php(180): CWebApplication->processRequest()
#11 /opt/nginx/yii/air/index-test.php(16): CApplication->run()
#12 {main}
REQUEST_URI=/index-test.php
---
2014/05/17 22:41:16 [error] [exception.CException] exception 'CException' with message 'Object configuration must be an array containing a "class" element.' in /opt/nginx/yii/framework/YiiBase.php:193
Stack trace:
#0 /opt/nginx/yii/framework/base/CModule.php(386): YiiBase::createComponent(Array)
#1 /opt/nginx/yii/framework/base/CModule.php(103): CModule->getComponent('db_radius')
#2 /opt/nginx/yii/air/protected/controllers/SiteController.php(131): CModule->__get('db_radius')
#3 /opt/nginx/yii/air/protected/controllers/SiteController.php(30): SiteController->autoLogin()
#4 /opt/nginx/yii/framework/web/actions/CInlineAction.php(49): SiteController->actionIndex()
#5 /opt/nginx/yii/framework/web/CController.php(308): CInlineAction->runWithParams(Array)
#6 /opt/nginx/yii/framework/web/CController.php(286): CController->runAction(Object(CInlineAction))
#7 /opt/nginx/yii/framework/web/CController.php(265): CController->runActionWithFilters(Object(CInlineAction), Array)
#8 /opt/nginx/yii/framework/web/CWebApplication.php(282): CController->run('')
#9 /opt/nginx/yii/framework/web/CWebApplication.php(141): CWebApplication->runController('')
#10 /opt/nginx/yii/framework/base/CApplication.php(180): CWebApplication->processRequest()
#11 /opt/nginx/yii/air/index-test.php(16): CApplication->run()
#12 {main}
REQUEST_URI=/index-test.php
---
2014/05/17 22:54:47 [error] [php] Undefined index: mac (/opt/nginx/yii/air/protected/controllers/SiteController.php:140)
Stack trace:
#0 /opt/nginx/yii/framework/web/CController.php(308): CInlineAction->runWithParams()
#1 /opt/nginx/yii/framework/web/CController.php(286): SiteController->runAction()
#2 /opt/nginx/yii/framework/web/CController.php(265): SiteController->runActionWithFilters()
#3 /opt/nginx/yii/framework/web/CWebApplication.php(282): SiteController->run()
#4 /opt/nginx/yii/framework/web/CWebApplication.php(141): CWebApplication->runController()
#5 /opt/nginx/yii/framework/base/CApplication.php(180): CWebApplication->processRequest()
#6 /opt/nginx/yii/air/index.php(13): CWebApplication->run()
REQUEST_URI=/
in /opt/nginx/yii/air/protected/controllers/SiteController.php (140)
in /opt/nginx/yii/air/protected/controllers/SiteController.php (30)
in /opt/nginx/yii/air/index.php (13)
2014/05/17 22:58:16 [error] [exception.CDbException] exception 'CDbException' with message 'CDbConnection.connectionString cannot be empty.' in /opt/nginx/yii/framework/db/CDbConnection.php:370
Stack trace:
#0 /opt/nginx/yii/framework/db/CDbConnection.php(330): CDbConnection->open()
#1 /opt/nginx/yii/framework/db/CDbConnection.php(308): CDbConnection->setActive(true)
#2 /opt/nginx/yii/framework/base/CModule.php(387): CDbConnection->init()
#3 /opt/nginx/yii/framework/base/CModule.php(103): CModule->getComponent('db')
#4 /opt/nginx/yii/air/protected/controllers/SiteController.php(129): CModule->__get('db')
#5 /opt/nginx/yii/air/protected/controllers/SiteController.php(30): SiteController->autoLogin()
#6 /opt/nginx/yii/framework/web/actions/CInlineAction.php(49): SiteController->actionIndex()
#7 /opt/nginx/yii/framework/web/CController.php(308): CInlineAction->runWithParams(Array)
#8 /opt/nginx/yii/framework/web/CController.php(286): CController->runAction(Object(CInlineAction))
#9 /opt/nginx/yii/framework/web/CController.php(265): CController->runActionWithFilters(Object(CInlineAction), Array)
#10 /opt/nginx/yii/framework/web/CWebApplication.php(282): CController->run('')
#11 /opt/nginx/yii/framework/web/CWebApplication.php(141): CWebApplication->runController('')
#12 /opt/nginx/yii/framework/base/CApplication.php(180): CWebApplication->processRequest()
#13 /opt/nginx/yii/air/index.php(13): CApplication->run()
#14 {main}
REQUEST_URI=/
---
2014/05/17 22:58:38 [error] [exception.CException] exception 'CException' with message 'Object configuration must be an array containing a "class" element.' in /opt/nginx/yii/framework/YiiBase.php:193
Stack trace:
#0 /opt/nginx/yii/framework/base/CModule.php(386): YiiBase::createComponent(Array)
#1 /opt/nginx/yii/framework/base/CModule.php(103): CModule->getComponent('db_radius')
#2 /opt/nginx/yii/air/protected/controllers/SiteController.php(129): CModule->__get('db_radius')
#3 /opt/nginx/yii/air/protected/controllers/SiteController.php(30): SiteController->autoLogin()
#4 /opt/nginx/yii/framework/web/actions/CInlineAction.php(49): SiteController->actionIndex()
#5 /opt/nginx/yii/framework/web/CController.php(308): CInlineAction->runWithParams(Array)
#6 /opt/nginx/yii/framework/web/CController.php(286): CController->runAction(Object(CInlineAction))
#7 /opt/nginx/yii/framework/web/CController.php(265): CController->runActionWithFilters(Object(CInlineAction), Array)
#8 /opt/nginx/yii/framework/web/CWebApplication.php(282): CController->run('')
#9 /opt/nginx/yii/framework/web/CWebApplication.php(141): CWebApplication->runController('')
#10 /opt/nginx/yii/framework/base/CApplication.php(180): CWebApplication->processRequest()
#11 /opt/nginx/yii/air/index.php(13): CApplication->run()
#12 {main}
REQUEST_URI=/
---
2014/05/17 23:02:58 [error] [exception.CException] exception 'CException' with message 'Object configuration must be an array containing a "class" element.' in /opt/nginx/yii/framework/YiiBase.php:193
Stack trace:
#0 /opt/nginx/yii/framework/base/CModule.php(386): YiiBase::createComponent(Array)
#1 /opt/nginx/yii/framework/base/CModule.php(103): CModule->getComponent('db_radius')
#2 /opt/nginx/yii/air/protected/controllers/SiteController.php(129): CModule->__get('db_radius')
#3 /opt/nginx/yii/air/protected/controllers/SiteController.php(30): SiteController->autoLogin()
#4 /opt/nginx/yii/framework/web/actions/CInlineAction.php(49): SiteController->actionIndex()
#5 /opt/nginx/yii/framework/web/CController.php(308): CInlineAction->runWithParams(Array)
#6 /opt/nginx/yii/framework/web/CController.php(286): CController->runAction(Object(CInlineAction))
#7 /opt/nginx/yii/framework/web/CController.php(265): CController->runActionWithFilters(Object(CInlineAction), Array)
#8 /opt/nginx/yii/framework/web/CWebApplication.php(282): CController->run('')
#9 /opt/nginx/yii/framework/web/CWebApplication.php(141): CWebApplication->runController('')
#10 /opt/nginx/yii/framework/base/CApplication.php(180): CWebApplication->processRequest()
#11 /opt/nginx/yii/air/index.php(13): CApplication->run()
#12 {main}
REQUEST_URI=/
---
2014/05/17 23:03:01 [error] [exception.CException] exception 'CException' with message 'Object configuration must be an array containing a "class" element.' in /opt/nginx/yii/framework/YiiBase.php:193
Stack trace:
#0 /opt/nginx/yii/framework/base/CModule.php(386): YiiBase::createComponent(Array)
#1 /opt/nginx/yii/framework/base/CModule.php(103): CModule->getComponent('db_radius')
#2 /opt/nginx/yii/air/protected/controllers/SiteController.php(129): CModule->__get('db_radius')
#3 /opt/nginx/yii/air/protected/controllers/SiteController.php(30): SiteController->autoLogin()
#4 /opt/nginx/yii/framework/web/actions/CInlineAction.php(49): SiteController->actionIndex()
#5 /opt/nginx/yii/framework/web/CController.php(308): CInlineAction->runWithParams(Array)
#6 /opt/nginx/yii/framework/web/CController.php(286): CController->runAction(Object(CInlineAction))
#7 /opt/nginx/yii/framework/web/CController.php(265): CController->runActionWithFilters(Object(CInlineAction), Array)
#8 /opt/nginx/yii/framework/web/CWebApplication.php(282): CController->run('')
#9 /opt/nginx/yii/framework/web/CWebApplication.php(141): CWebApplication->runController('')
#10 /opt/nginx/yii/framework/base/CApplication.php(180): CWebApplication->processRequest()
#11 /opt/nginx/yii/air/index.php(13): CApplication->run()
#12 {main}
REQUEST_URI=/
---
2014/05/17 23:03:09 [error] [exception.CException] exception 'CException' with message 'Object configuration must be an array containing a "class" element.' in /opt/nginx/yii/framework/YiiBase.php:193
Stack trace:
#0 /opt/nginx/yii/framework/base/CModule.php(386): YiiBase::createComponent(Array)
#1 /opt/nginx/yii/framework/base/CModule.php(103): CModule->getComponent('db_radius')
#2 /opt/nginx/yii/air/protected/controllers/SiteController.php(129): CModule->__get('db_radius')
#3 /opt/nginx/yii/air/protected/controllers/SiteController.php(30): SiteController->autoLogin()
#4 /opt/nginx/yii/framework/web/actions/CInlineAction.php(49): SiteController->actionIndex()
#5 /opt/nginx/yii/framework/web/CController.php(308): CInlineAction->runWithParams(Array)
#6 /opt/nginx/yii/framework/web/CController.php(286): CController->runAction(Object(CInlineAction))
#7 /opt/nginx/yii/framework/web/CController.php(265): CController->runActionWithFilters(Object(CInlineAction), Array)
#8 /opt/nginx/yii/framework/web/CWebApplication.php(282): CController->run('')
#9 /opt/nginx/yii/framework/web/CWebApplication.php(141): CWebApplication->runController('')
#10 /opt/nginx/yii/framework/base/CApplication.php(180): CWebApplication->processRequest()
#11 /opt/nginx/yii/air/index-test.php(16): CApplication->run()
#12 {main}
REQUEST_URI=/index-test.php
---
2014/05/18 03:40:34 [error] [exception.CDbException] exception 'CDbException' with message 'CDbConnection.connectionString cannot be empty.' in /opt/nginx/yii/framework/db/CDbConnection.php:370
Stack trace:
#0 /opt/nginx/yii/framework/db/CDbConnection.php(330): CDbConnection->open()
#1 /opt/nginx/yii/framework/db/CDbConnection.php(308): CDbConnection->setActive(true)
#2 /opt/nginx/yii/framework/base/CModule.php(387): CDbConnection->init()
#3 /opt/nginx/yii/framework/base/CApplication.php(450): CModule->getComponent('db')
#4 /opt/nginx/yii/air/protected/controllers/SiteController.php(129): CApplication->getDb('db_radius')
#5 /opt/nginx/yii/air/protected/controllers/SiteController.php(30): SiteController->autoLogin()
#6 /opt/nginx/yii/framework/web/actions/CInlineAction.php(49): SiteController->actionIndex()
#7 /opt/nginx/yii/framework/web/CController.php(308): CInlineAction->runWithParams(Array)
#8 /opt/nginx/yii/framework/web/CController.php(286): CController->runAction(Object(CInlineAction))
#9 /opt/nginx/yii/framework/web/CController.php(265): CController->runActionWithFilters(Object(CInlineAction), Array)
#10 /opt/nginx/yii/framework/web/CWebApplication.php(282): CController->run('')
#11 /opt/nginx/yii/framework/web/CWebApplication.php(141): CWebApplication->runController('')
#12 /opt/nginx/yii/framework/base/CApplication.php(180): CWebApplication->processRequest()
#13 /opt/nginx/yii/air/index.php(13): CApplication->run()
#14 {main}
REQUEST_URI=/
---
2014/05/18 03:45:35 [error] [exception.CException] exception 'CException' with message 'CWebApplication and its behaviors do not have a method or closure named "getDbBy_name".' in /opt/nginx/yii/framework/base/CComponent.php:266
Stack trace:
#0 /opt/nginx/yii/air/protected/controllers/SiteController.php(129): CComponent->__call('getDbBy_name', Array)
#1 /opt/nginx/yii/air/protected/controllers/SiteController.php(129): CWebApplication->getDbBy_name('db_radius')
#2 /opt/nginx/yii/air/protected/controllers/SiteController.php(30): SiteController->autoLogin()
#3 /opt/nginx/yii/framework/web/actions/CInlineAction.php(49): SiteController->actionIndex()
#4 /opt/nginx/yii/framework/web/CController.php(308): CInlineAction->runWithParams(Array)
#5 /opt/nginx/yii/framework/web/CController.php(286): CController->runAction(Object(CInlineAction))
#6 /opt/nginx/yii/framework/web/CController.php(265): CController->runActionWithFilters(Object(CInlineAction), Array)
#7 /opt/nginx/yii/framework/web/CWebApplication.php(282): CController->run('')
#8 /opt/nginx/yii/framework/web/CWebApplication.php(141): CWebApplication->runController('')
#9 /opt/nginx/yii/framework/base/CApplication.php(180): CWebApplication->processRequest()
#10 /opt/nginx/yii/air/index.php(13): CApplication->run()
#11 {main}
REQUEST_URI=/
---
2014/05/18 03:46:14 [error] [exception.CException] exception 'CException' with message 'Object configuration must be an array containing a "class" element.' in /opt/nginx/yii/framework/YiiBase.php:193
Stack trace:
#0 /opt/nginx/yii/framework/base/CModule.php(386): YiiBase::createComponent(Array)
#1 /opt/nginx/yii/framework/base/CApplication.php(455): CModule->getComponent('db_radius')
#2 /opt/nginx/yii/air/protected/controllers/SiteController.php(129): CApplication->getDbByName('db_radius')
#3 /opt/nginx/yii/air/protected/controllers/SiteController.php(30): SiteController->autoLogin()
#4 /opt/nginx/yii/framework/web/actions/CInlineAction.php(49): SiteController->actionIndex()
#5 /opt/nginx/yii/framework/web/CController.php(308): CInlineAction->runWithParams(Array)
#6 /opt/nginx/yii/framework/web/CController.php(286): CController->runAction(Object(CInlineAction))
#7 /opt/nginx/yii/framework/web/CController.php(265): CController->runActionWithFilters(Object(CInlineAction), Array)
#8 /opt/nginx/yii/framework/web/CWebApplication.php(282): CController->run('')
#9 /opt/nginx/yii/framework/web/CWebApplication.php(141): CWebApplication->runController('')
#10 /opt/nginx/yii/framework/base/CApplication.php(180): CWebApplication->processRequest()
#11 /opt/nginx/yii/air/index.php(13): CApplication->run()
#12 {main}
REQUEST_URI=/
---
2014/05/18 03:47:44 [error] [exception.CException] exception 'CException' with message 'Object configuration must be an array containing a "class" element.' in /opt/nginx/yii/framework/YiiBase.php:193
Stack trace:
#0 /opt/nginx/yii/framework/base/CModule.php(386): YiiBase::createComponent(Array)
#1 /opt/nginx/yii/framework/base/CApplication.php(455): CModule->getComponent('db_radius')
#2 /opt/nginx/yii/air/protected/controllers/SiteController.php(129): CApplication->getDbByName('db_radius')
#3 /opt/nginx/yii/air/protected/controllers/SiteController.php(30): SiteController->autoLogin()
#4 /opt/nginx/yii/framework/web/actions/CInlineAction.php(49): SiteController->actionIndex()
#5 /opt/nginx/yii/framework/web/CController.php(308): CInlineAction->runWithParams(Array)
#6 /opt/nginx/yii/framework/web/CController.php(286): CController->runAction(Object(CInlineAction))
#7 /opt/nginx/yii/framework/web/CController.php(265): CController->runActionWithFilters(Object(CInlineAction), Array)
#8 /opt/nginx/yii/framework/web/CWebApplication.php(282): CController->run('')
#9 /opt/nginx/yii/framework/web/CWebApplication.php(141): CWebApplication->runController('')
#10 /opt/nginx/yii/framework/base/CApplication.php(180): CWebApplication->processRequest()
#11 /opt/nginx/yii/air/index.php(13): CApplication->run()
#12 {main}
REQUEST_URI=/
---
2014/05/18 03:48:14 [error] [exception.CException] exception 'CException' with message 'Object configuration must be an array containing a "class" element.' in /opt/nginx/yii/framework/YiiBase.php:193
Stack trace:
#0 /opt/nginx/yii/framework/base/CModule.php(386): YiiBase::createComponent(Array)
#1 /opt/nginx/yii/framework/base/CApplication.php(455): CModule->getComponent('db_radius')
#2 /opt/nginx/yii/air/protected/controllers/SiteController.php(129): CApplication->getDbByName('db_radius')
#3 /opt/nginx/yii/air/protected/controllers/SiteController.php(30): SiteController->autoLogin()
#4 /opt/nginx/yii/framework/web/actions/CInlineAction.php(49): SiteController->actionIndex()
#5 /opt/nginx/yii/framework/web/CController.php(308): CInlineAction->runWithParams(Array)
#6 /opt/nginx/yii/framework/web/CController.php(286): CController->runAction(Object(CInlineAction))
#7 /opt/nginx/yii/framework/web/CController.php(265): CController->runActionWithFilters(Object(CInlineAction), Array)
#8 /opt/nginx/yii/framework/web/CWebApplication.php(282): CController->run('')
#9 /opt/nginx/yii/framework/web/CWebApplication.php(141): CWebApplication->runController('')
#10 /opt/nginx/yii/framework/base/CApplication.php(180): CWebApplication->processRequest()
#11 /opt/nginx/yii/air/index.php(13): CApplication->run()
#12 {main}
REQUEST_URI=/
---
2014/05/18 03:48:25 [error] [exception.CException] exception 'CException' with message 'Object configuration must be an array containing a "class" element.' in /opt/nginx/yii/framework/YiiBase.php:193
Stack trace:
#0 /opt/nginx/yii/framework/base/CModule.php(386): YiiBase::createComponent(Array)
#1 /opt/nginx/yii/framework/base/CApplication.php(455): CModule->getComponent('db_radius')
#2 /opt/nginx/yii/air/protected/controllers/SiteController.php(129): CApplication->getDbByName('db_radius')
#3 /opt/nginx/yii/air/protected/controllers/SiteController.php(30): SiteController->autoLogin()
#4 /opt/nginx/yii/framework/web/actions/CInlineAction.php(49): SiteController->actionIndex()
#5 /opt/nginx/yii/framework/web/CController.php(308): CInlineAction->runWithParams(Array)
#6 /opt/nginx/yii/framework/web/CController.php(286): CController->runAction(Object(CInlineAction))
#7 /opt/nginx/yii/framework/web/CController.php(265): CController->runActionWithFilters(Object(CInlineAction), Array)
#8 /opt/nginx/yii/framework/web/CWebApplication.php(282): CController->run('')
#9 /opt/nginx/yii/framework/web/CWebApplication.php(141): CWebApplication->runController('')
#10 /opt/nginx/yii/framework/base/CApplication.php(180): CWebApplication->processRequest()
#11 /opt/nginx/yii/air/index.php(13): CApplication->run()
#12 {main}
REQUEST_URI=/
---
2014/05/18 09:56:20 [error] [php] Undefined variable: g_nav_msg (/opt/nginx/yii/air/protected/views/layouts/air.php:19)
Stack trace:
#0 /opt/nginx/yii/framework/web/widgets/CContentDecorator.php(76): SiteController->renderFile()
#1 /opt/nginx/yii/framework/web/widgets/CContentDecorator.php(54): CContentDecorator->decorate()
#2 /opt/nginx/yii/framework/web/widgets/COutputProcessor.php(44): CContentDecorator->processOutput()
#3 /opt/nginx/yii/framework/web/CBaseController.php(206): CContentDecorator->run()
#4 /opt/nginx/yii/framework/web/CBaseController.php(300): SiteController->endWidget()
#5 /opt/nginx/yii/air/protected/views/layouts/column1.php(6): SiteController->endContent()
#6 /opt/nginx/yii/framework/web/CBaseController.php(126): require()
#7 /opt/nginx/yii/framework/web/CBaseController.php(95): SiteController->renderInternal()
#8 /opt/nginx/yii/framework/web/CController.php(784): SiteController->renderFile()
#9 /opt/nginx/yii/air/protected/controllers/SiteController.php(35): SiteController->render()
#10 /opt/nginx/yii/framework/web/actions/CInlineAction.php(49): SiteController->actionIndex()
#11 /opt/nginx/yii/framework/web/CController.php(308): CInlineAction->runWithParams()
#12 /opt/nginx/yii/framework/web/CController.php(286): SiteController->runAction()
#13 /opt/nginx/yii/framework/web/CController.php(265): SiteController->runActionWithFilters()
#14 /opt/nginx/yii/framework/web/CWebApplication.php(282): SiteController->run()
#15 /opt/nginx/yii/framework/web/CWebApplication.php(141): CWebApplication->runController()
#16 /opt/nginx/yii/framework/base/CApplication.php(180): CWebApplication->processRequest()
#17 /opt/nginx/yii/air/index.php(15): CWebApplication->run()
REQUEST_URI=/
in /opt/nginx/yii/air/protected/views/layouts/air.php (19)
in /opt/nginx/yii/air/protected/views/layouts/column1.php (6)
in /opt/nginx/yii/air/protected/controllers/SiteController.php (35)
2014/05/18 09:59:35 [error] [php] Undefined variable: g_nav_msg (/opt/nginx/yii/air/protected/views/layouts/air.php:19)
Stack trace:
#0 /opt/nginx/yii/framework/web/widgets/CContentDecorator.php(76): SiteController->renderFile()
#1 /opt/nginx/yii/framework/web/widgets/CContentDecorator.php(54): CContentDecorator->decorate()
#2 /opt/nginx/yii/framework/web/widgets/COutputProcessor.php(44): CContentDecorator->processOutput()
#3 /opt/nginx/yii/framework/web/CBaseController.php(206): CContentDecorator->run()
#4 /opt/nginx/yii/framework/web/CBaseController.php(300): SiteController->endWidget()
#5 /opt/nginx/yii/air/protected/views/layouts/column1.php(6): SiteController->endContent()
#6 /opt/nginx/yii/framework/web/CBaseController.php(126): require()
#7 /opt/nginx/yii/framework/web/CBaseController.php(95): SiteController->renderInternal()
#8 /opt/nginx/yii/framework/web/CController.php(784): SiteController->renderFile()
#9 /opt/nginx/yii/air/protected/controllers/SiteController.php(35): SiteController->render()
#10 /opt/nginx/yii/framework/web/actions/CInlineAction.php(49): SiteController->actionIndex()
#11 /opt/nginx/yii/framework/web/CController.php(308): CInlineAction->runWithParams()
#12 /opt/nginx/yii/framework/web/CController.php(286): SiteController->runAction()
#13 /opt/nginx/yii/framework/web/CController.php(265): SiteController->runActionWithFilters()
#14 /opt/nginx/yii/framework/web/CWebApplication.php(282): SiteController->run()
#15 /opt/nginx/yii/framework/web/CWebApplication.php(141): CWebApplication->runController()
#16 /opt/nginx/yii/framework/base/CApplication.php(180): CWebApplication->processRequest()
#17 /opt/nginx/yii/air/index.php(15): CWebApplication->run()
REQUEST_URI=/
in /opt/nginx/yii/air/protected/views/layouts/air.php (19)
in /opt/nginx/yii/air/protected/views/layouts/column1.php (6)
in /opt/nginx/yii/air/protected/controllers/SiteController.php (35)
2014/05/18 13:02:36 [error] [php] Undefined variable: g_msg (/opt/nginx/yii/air/protected/controllers/SiteController.php:31)
Stack trace:
#0 /opt/nginx/yii/framework/web/CController.php(286): SiteController->runAction()
#1 /opt/nginx/yii/framework/web/CController.php(265): SiteController->runActionWithFilters()
#2 /opt/nginx/yii/framework/web/CWebApplication.php(282): SiteController->run()
#3 /opt/nginx/yii/framework/web/CWebApplication.php(141): CWebApplication->runController()
#4 /opt/nginx/yii/framework/base/CApplication.php(180): CWebApplication->processRequest()
#5 /opt/nginx/yii/air/index.php(15): CWebApplication->run()
REQUEST_URI=/
in /opt/nginx/yii/air/protected/controllers/SiteController.php (31)
in /opt/nginx/yii/air/index.php (15)
2014/05/18 15:07:43 [error] [php] Undefined variable: username (/opt/nginx/yii/air/protected/controllers/SiteController.php:54)
Stack trace:
#0 /opt/nginx/yii/framework/web/CController.php(286): SiteController->runAction()
#1 /opt/nginx/yii/framework/web/CController.php(265): SiteController->runActionWithFilters()
#2 /opt/nginx/yii/framework/web/CWebApplication.php(282): SiteController->run()
#3 /opt/nginx/yii/framework/web/CWebApplication.php(141): CWebApplication->runController()
#4 /opt/nginx/yii/framework/base/CApplication.php(180): CWebApplication->processRequest()
#5 /opt/nginx/yii/air/index.php(15): CWebApplication->run()
REQUEST_URI=/index.php?r=site/userinfo
in /opt/nginx/yii/air/protected/controllers/SiteController.php (54)
in /opt/nginx/yii/air/index.php (15)
2014/05/18 15:08:39 [error] [php] Undefined index: traffic_remian (/opt/nginx/yii/air/protected/controllers/SiteController.php:74)
Stack trace:
#0 /opt/nginx/yii/framework/web/CController.php(286): SiteController->runAction()
#1 /opt/nginx/yii/framework/web/CController.php(265): SiteController->runActionWithFilters()
#2 /opt/nginx/yii/framework/web/CWebApplication.php(282): SiteController->run()
#3 /opt/nginx/yii/framework/web/CWebApplication.php(141): CWebApplication->runController()
#4 /opt/nginx/yii/framework/base/CApplication.php(180): CWebApplication->processRequest()
#5 /opt/nginx/yii/air/index.php(15): CWebApplication->run()
REQUEST_URI=/index.php?r=site/userinfo
in /opt/nginx/yii/air/protected/controllers/SiteController.php (74)
in /opt/nginx/yii/air/index.php (15)
2014/05/18 15:09:04 [error] [php] Undefined variable: user_name (/opt/nginx/yii/air/protected/views/site/userinfo.php:26)
Stack trace:
#0 /opt/nginx/yii/framework/web/CController.php(869): SiteController->renderFile()
#1 /opt/nginx/yii/framework/web/CController.php(782): SiteController->renderPartial()
#2 /opt/nginx/yii/air/protected/controllers/SiteController.php(92): SiteController->render()
#3 /opt/nginx/yii/framework/web/actions/CInlineAction.php(49): SiteController->actionUserinfo()
#4 /opt/nginx/yii/framework/web/CController.php(308): CInlineAction->runWithParams()
#5 /opt/nginx/yii/framework/web/CController.php(286): SiteController->runAction()
#6 /opt/nginx/yii/framework/web/CController.php(265): SiteController->runActionWithFilters()
#7 /opt/nginx/yii/framework/web/CWebApplication.php(282): SiteController->run()
#8 /opt/nginx/yii/framework/web/CWebApplication.php(141): CWebApplication->runController()
#9 /opt/nginx/yii/framework/base/CApplication.php(180): CWebApplication->processRequest()
#10 /opt/nginx/yii/air/index.php(15): CWebApplication->run()
REQUEST_URI=/index.php?r=site/userinfo
in /opt/nginx/yii/air/protected/views/site/userinfo.php (26)
in /opt/nginx/yii/air/protected/controllers/SiteController.php (92)
in /opt/nginx/yii/air/index.php (15)
2014/05/18 15:10:04 [error] [php] Undefined variable: user_name (/opt/nginx/yii/air/protected/views/site/userinfo.php:26)
Stack trace:
#0 /opt/nginx/yii/framework/web/CController.php(869): SiteController->renderFile()
#1 /opt/nginx/yii/framework/web/CController.php(782): SiteController->renderPartial()
#2 /opt/nginx/yii/air/protected/controllers/SiteController.php(88): SiteController->render()
#3 /opt/nginx/yii/framework/web/actions/CInlineAction.php(49): SiteController->actionUserinfo()
#4 /opt/nginx/yii/framework/web/CController.php(308): CInlineAction->runWithParams()
#5 /opt/nginx/yii/framework/web/CController.php(286): SiteController->runAction()
#6 /opt/nginx/yii/framework/web/CController.php(265): SiteController->runActionWithFilters()
#7 /opt/nginx/yii/framework/web/CWebApplication.php(282): SiteController->run()
#8 /opt/nginx/yii/framework/web/CWebApplication.php(141): CWebApplication->runController()
#9 /opt/nginx/yii/framework/base/CApplication.php(180): CWebApplication->processRequest()
#10 /opt/nginx/yii/air/index.php(15): CWebApplication->run()
REQUEST_URI=/index.php?r=site/userinfo
in /opt/nginx/yii/air/protected/views/site/userinfo.php (26)
in /opt/nginx/yii/air/protected/controllers/SiteController.php (88)
in /opt/nginx/yii/air/index.php (15)
2014/05/18 15:15:50 [error] [php] Undefined variable: traffic_remail (/opt/nginx/yii/air/protected/views/site/userinfo.php:101)
Stack trace:
#0 /opt/nginx/yii/framework/web/CController.php(869): SiteController->renderFile()
#1 /opt/nginx/yii/framework/web/CController.php(782): SiteController->renderPartial()
#2 /opt/nginx/yii/air/protected/controllers/SiteController.php(87): SiteController->render()
#3 /opt/nginx/yii/framework/web/actions/CInlineAction.php(49): SiteController->actionUserinfo()
#4 /opt/nginx/yii/framework/web/CController.php(308): CInlineAction->runWithParams()
#5 /opt/nginx/yii/framework/web/CController.php(286): SiteController->runAction()
#6 /opt/nginx/yii/framework/web/CController.php(265): SiteController->runActionWithFilters()
#7 /opt/nginx/yii/framework/web/CWebApplication.php(282): SiteController->run()
#8 /opt/nginx/yii/framework/web/CWebApplication.php(141): CWebApplication->runController()
#9 /opt/nginx/yii/framework/base/CApplication.php(180): CWebApplication->processRequest()
#10 /opt/nginx/yii/air/index.php(15): CWebApplication->run()
REQUEST_URI=/index.php?r=site/userinfo
in /opt/nginx/yii/air/protected/views/site/userinfo.php (101)
in /opt/nginx/yii/air/protected/controllers/SiteController.php (87)
in /opt/nginx/yii/air/index.php (15)
2014/05/18 15:18:46 [error] [php] Undefined variable: g_msg (/opt/nginx/yii/air/protected/controllers/SiteController.php:31)
Stack trace:
#0 /opt/nginx/yii/framework/web/CController.php(286): SiteController->runAction()
#1 /opt/nginx/yii/framework/web/CController.php(265): SiteController->runActionWithFilters()
#2 /opt/nginx/yii/framework/web/CWebApplication.php(282): SiteController->run()
#3 /opt/nginx/yii/framework/web/CWebApplication.php(141): CWebApplication->runController()
#4 /opt/nginx/yii/framework/base/CApplication.php(180): CWebApplication->processRequest()
#5 /opt/nginx/yii/air/index.php(15): CWebApplication->run()
REQUEST_URI=/
in /opt/nginx/yii/air/protected/controllers/SiteController.php (31)
in /opt/nginx/yii/air/index.php (15)
2014/05/18 15:28:38 [error] [php] Use of undefined constant traffic_packet - assumed 'traffic_packet' (/opt/nginx/yii/air/protected/views/site/userinfo.php:67)
Stack trace:
#0 /opt/nginx/yii/framework/web/CController.php(869): SiteController->renderFile()
#1 /opt/nginx/yii/framework/web/CController.php(782): SiteController->renderPartial()
#2 /opt/nginx/yii/air/protected/controllers/SiteController.php(85): SiteController->render()
#3 /opt/nginx/yii/framework/web/actions/CInlineAction.php(49): SiteController->actionUserinfo()
#4 /opt/nginx/yii/framework/web/CController.php(308): CInlineAction->runWithParams()
#5 /opt/nginx/yii/framework/web/CController.php(286): SiteController->runAction()
#6 /opt/nginx/yii/framework/web/CController.php(265): SiteController->runActionWithFilters()
#7 /opt/nginx/yii/framework/web/CWebApplication.php(282): SiteController->run()
#8 /opt/nginx/yii/framework/web/CWebApplication.php(141): CWebApplication->runController()
#9 /opt/nginx/yii/framework/base/CApplication.php(180): CWebApplication->processRequest()
#10 /opt/nginx/yii/air/index.php(15): CWebApplication->run()
REQUEST_URI=/index.php?r=site/userinfo
in /opt/nginx/yii/air/protected/views/site/userinfo.php (67)
in /opt/nginx/yii/air/protected/controllers/SiteController.php (85)
in /opt/nginx/yii/air/index.php (15)
2014/05/26 17:37:25 [error] [system.db.CDbCommand] CDbCommand::fetchAll() failed: SQLSTATE[42S22]: Column not found: 1054 Unknown column 't_id' in 'field list'. The SQL statement executed was: select t_id, traffic_packet,traffic_addition, traffic_recharge, traffic_last, traffic_idle, traffic_busy, traffic_internal, traffic_bill,traffic_remain from traffic_mon where user_name = 'iphone' and date_mon = '201405'.
in /home/huiyan.jhf/nginx/yii/air/protected/controllers/SiteController.php (101)
in /home/huiyan.jhf/nginx/yii/air/index.php (15)
2014/05/26 17:37:25 [error] [exception.CDbException] exception 'CDbException' with message 'CDbCommand failed to execute the SQL statement: SQLSTATE[42S22]: Column not found: 1054 Unknown column 't_id' in 'field list'. The SQL statement executed was: select t_id, traffic_packet,traffic_addition, traffic_recharge, traffic_last, traffic_idle, traffic_busy, traffic_internal, traffic_bill,traffic_remain from traffic_mon where user_name = 'iphone' and date_mon = '201405'' in /home/huiyan.jhf/nginx/yii/framework/db/CDbCommand.php:541
Stack trace:
#0 /home/huiyan.jhf/nginx/yii/framework/db/CDbCommand.php(395): CDbCommand->queryInternal('fetchAll', Array, Array)
#1 /home/huiyan.jhf/nginx/yii/air/protected/controllers/SiteController.php(101): CDbCommand->queryAll()
#2 /home/huiyan.jhf/nginx/yii/framework/web/actions/CInlineAction.php(49): SiteController->actionUserinfo()
#3 /home/huiyan.jhf/nginx/yii/framework/web/CController.php(308): CInlineAction->runWithParams(Array)
#4 /home/huiyan.jhf/nginx/yii/framework/web/CController.php(286): CController->runAction(Object(CInlineAction))
#5 /home/huiyan.jhf/nginx/yii/framework/web/CController.php(265): CController->runActionWithFilters(Object(CInlineAction), Array)
#6 /home/huiyan.jhf/nginx/yii/framework/web/CWebApplication.php(282): CController->run('userinfo')
#7 /home/huiyan.jhf/nginx/yii/framework/web/CWebApplication.php(141): CWebApplication->runController('site/userinfo')
#8 /home/huiyan.jhf/nginx/yii/framework/base/CApplication.php(180): CWebApplication->processRequest()
#9 /home/huiyan.jhf/nginx/yii/air/index.php(15): CApplication->run()
#10 {main}
REQUEST_URI=/index.php?r=site/userinfo
HTTP_REFERER=http://10.232.132.185/index.php?r=site/index
---
2014/05/26 17:37:38 [error] [system.db.CDbCommand] CDbCommand::fetchAll() failed: SQLSTATE[42S22]: Column not found: 1054 Unknown column 't_id' in 'field list'. The SQL statement executed was: select t_id, traffic_packet,traffic_addition, traffic_recharge, traffic_last, traffic_idle, traffic_busy, traffic_internal, traffic_bill,traffic_remain from traffic_mon where user_name = 'iphone' and date_mon = '201405'.
in /home/huiyan.jhf/nginx/yii/air/protected/controllers/SiteController.php (101)
in /home/huiyan.jhf/nginx/yii/air/index.php (15)
2014/05/26 17:37:38 [error] [exception.CDbException] exception 'CDbException' with message 'CDbCommand failed to execute the SQL statement: SQLSTATE[42S22]: Column not found: 1054 Unknown column 't_id' in 'field list'. The SQL statement executed was: select t_id, traffic_packet,traffic_addition, traffic_recharge, traffic_last, traffic_idle, traffic_busy, traffic_internal, traffic_bill,traffic_remain from traffic_mon where user_name = 'iphone' and date_mon = '201405'' in /home/huiyan.jhf/nginx/yii/framework/db/CDbCommand.php:541
Stack trace:
#0 /home/huiyan.jhf/nginx/yii/framework/db/CDbCommand.php(395): CDbCommand->queryInternal('fetchAll', Array, Array)
#1 /home/huiyan.jhf/nginx/yii/air/protected/controllers/SiteController.php(101): CDbCommand->queryAll()
#2 /home/huiyan.jhf/nginx/yii/framework/web/actions/CInlineAction.php(49): SiteController->actionUserinfo()
#3 /home/huiyan.jhf/nginx/yii/framework/web/CController.php(308): CInlineAction->runWithParams(Array)
#4 /home/huiyan.jhf/nginx/yii/framework/web/CController.php(286): CController->runAction(Object(CInlineAction))
#5 /home/huiyan.jhf/nginx/yii/framework/web/CController.php(265): CController->runActionWithFilters(Object(CInlineAction), Array)
#6 /home/huiyan.jhf/nginx/yii/framework/web/CWebApplication.php(282): CController->run('userinfo')
#7 /home/huiyan.jhf/nginx/yii/framework/web/CWebApplication.php(141): CWebApplication->runController('site/userinfo')
#8 /home/huiyan.jhf/nginx/yii/framework/base/CApplication.php(180): CWebApplication->processRequest()
#9 /home/huiyan.jhf/nginx/yii/air/index.php(15): CApplication->run()
#10 {main}
REQUEST_URI=/index.php?r=site/userinfo
HTTP_REFERER=http://www.wifi.com/index-test.php
---
2014/05/31 09:10:55 [error] [system.db.CDbCommand] CDbCommand::fetchAll() failed: SQLSTATE[42S02]: Base table or view not found: 1146 Table 'air.traffic_packet' doesn't exist. The SQL statement executed was: select t_id, t_desc, traffic, price from traffic_packet where category = 'packet' order by price.
in /opt/nginx/yii/air/protected/controllers/SiteController.php (58)
in /opt/nginx/yii/air/index.php (15)
2014/05/31 09:10:55 [error] [exception.CDbException] exception 'CDbException' with message 'CDbCommand failed to execute the SQL statement: SQLSTATE[42S02]: Base table or view not found: 1146 Table 'air.traffic_packet' doesn't exist. The SQL statement executed was: select t_id, t_desc, traffic, price from traffic_packet where category = 'packet' order by price' in /opt/nginx/yii/framework/db/CDbCommand.php:543
Stack trace:
#0 /opt/nginx/yii/framework/db/CDbCommand.php(396): CDbCommand->queryInternal('fetchAll', Array, Array)
#1 /opt/nginx/yii/air/protected/controllers/SiteController.php(58): CDbCommand->queryAll()
#2 /opt/nginx/yii/framework/web/actions/CInlineAction.php(49): SiteController->actionPacket()
#3 /opt/nginx/yii/framework/web/CController.php(308): CInlineAction->runWithParams(Array)
#4 /opt/nginx/yii/framework/web/CController.php(286): CController->runAction(Object(CInlineAction))
#5 /opt/nginx/yii/framework/web/CController.php(265): CController->runActionWithFilters(Object(CInlineAction), Array)
#6 /opt/nginx/yii/framework/web/CWebApplication.php(282): CController->run('packet')
#7 /opt/nginx/yii/framework/web/CWebApplication.php(141): CWebApplication->runController('site/packet')
#8 /opt/nginx/yii/framework/base/CApplication.php(180): CWebApplication->processRequest()
#9 /opt/nginx/yii/air/index.php(15): CApplication->run()
#10 {main}
REQUEST_URI=/index.php?r=site/packet
HTTP_REFERER=http://www.wifi.com/index.php?r=site/transanction
---
2014/05/31 09:11:02 [error] [system.db.CDbCommand] CDbCommand::fetchAll() failed: SQLSTATE[42S02]: Base table or view not found: 1146 Table 'air.traffic_packet' doesn't exist. The SQL statement executed was: select t_id, t_desc, traffic, price from traffic_packet where category = 'packet' order by price.
in /opt/nginx/yii/air/protected/controllers/SiteController.php (58)
in /opt/nginx/yii/air/index.php (15)
2014/05/31 09:11:02 [error] [exception.CDbException] exception 'CDbException' with message 'CDbCommand failed to execute the SQL statement: SQLSTATE[42S02]: Base table or view not found: 1146 Table 'air.traffic_packet' doesn't exist. The SQL statement executed was: select t_id, t_desc, traffic, price from traffic_packet where category = 'packet' order by price' in /opt/nginx/yii/framework/db/CDbCommand.php:543
Stack trace:
#0 /opt/nginx/yii/framework/db/CDbCommand.php(396): CDbCommand->queryInternal('fetchAll', Array, Array)
#1 /opt/nginx/yii/air/protected/controllers/SiteController.php(58): CDbCommand->queryAll()
#2 /opt/nginx/yii/framework/web/actions/CInlineAction.php(49): SiteController->actionPacket()
#3 /opt/nginx/yii/framework/web/CController.php(308): CInlineAction->runWithParams(Array)
#4 /opt/nginx/yii/framework/web/CController.php(286): CController->runAction(Object(CInlineAction))
#5 /opt/nginx/yii/framework/web/CController.php(265): CController->runActionWithFilters(Object(CInlineAction), Array)
#6 /opt/nginx/yii/framework/web/CWebApplication.php(282): CController->run('packet')
#7 /opt/nginx/yii/framework/web/CWebApplication.php(141): CWebApplication->runController('site/packet')
#8 /opt/nginx/yii/framework/base/CApplication.php(180): CWebApplication->processRequest()
#9 /opt/nginx/yii/air/index.php(15): CApplication->run()
#10 {main}
REQUEST_URI=/index.php?r=site/packet
HTTP_REFERER=http://www.wifi.com/index.php?r=site/transanction
---
2014/05/31 09:11:20 [error] [system.db.CDbCommand] CDbCommand::fetchAll() failed: SQLSTATE[42S02]: Base table or view not found: 1146 Table 'air.traffic_packet' doesn't exist. The SQL statement executed was: select t_id, t_desc, traffic, price from traffic_packet where category = 'packet' order by price.
in /opt/nginx/yii/air/protected/controllers/SiteController.php (58)
in /opt/nginx/yii/air/index.php (15)
2014/05/31 09:11:20 [error] [exception.CDbException] exception 'CDbException' with message 'CDbCommand failed to execute the SQL statement: SQLSTATE[42S02]: Base table or view not found: 1146 Table 'air.traffic_packet' doesn't exist. The SQL statement executed was: select t_id, t_desc, traffic, price from traffic_packet where category = 'packet' order by price' in /opt/nginx/yii/framework/db/CDbCommand.php:543
Stack trace:
#0 /opt/nginx/yii/framework/db/CDbCommand.php(396): CDbCommand->queryInternal('fetchAll', Array, Array)
#1 /opt/nginx/yii/air/protected/controllers/SiteController.php(58): CDbCommand->queryAll()
#2 /opt/nginx/yii/framework/web/actions/CInlineAction.php(49): SiteController->actionPacket()
#3 /opt/nginx/yii/framework/web/CController.php(308): CInlineAction->runWithParams(Array)
#4 /opt/nginx/yii/framework/web/CController.php(286): CController->runAction(Object(CInlineAction))
#5 /opt/nginx/yii/framework/web/CController.php(265): CController->runActionWithFilters(Object(CInlineAction), Array)
#6 /opt/nginx/yii/framework/web/CWebApplication.php(282): CController->run('packet')
#7 /opt/nginx/yii/framework/web/CWebApplication.php(141): CWebApplication->runController('site/packet')
#8 /opt/nginx/yii/framework/base/CApplication.php(180): CWebApplication->processRequest()
#9 /opt/nginx/yii/air/index.php(15): CApplication->run()
#10 {main}
REQUEST_URI=/index.php?r=site/packet
HTTP_REFERER=http://10.0.0.1/index.php?r=site/transanction
---
2014/05/31 09:12:29 [error] [system.db.CDbCommand] CDbCommand::fetchAll() failed: SQLSTATE[42S02]: Base table or view not found: 1146 Table 'air.traffic_packet' doesn't exist. The SQL statement executed was: select t_id, t_desc, traffic, price from traffic_packet where category = 'packet' order by price.
in /opt/nginx/yii/air/protected/controllers/SiteController.php (58)
in /opt/nginx/yii/air/index.php (15)
2014/05/31 09:12:29 [error] [exception.CDbException] exception 'CDbException' with message 'CDbCommand failed to execute the SQL statement: SQLSTATE[42S02]: Base table or view not found: 1146 Table 'air.traffic_packet' doesn't exist. The SQL statement executed was: select t_id, t_desc, traffic, price from traffic_packet where category = 'packet' order by price' in /opt/nginx/yii/framework/db/CDbCommand.php:543
Stack trace:
#0 /opt/nginx/yii/framework/db/CDbCommand.php(396): CDbCommand->queryInternal('fetchAll', Array, Array)
#1 /opt/nginx/yii/air/protected/controllers/SiteController.php(58): CDbCommand->queryAll()
#2 /opt/nginx/yii/framework/web/actions/CInlineAction.php(49): SiteController->actionPacket()
#3 /opt/nginx/yii/framework/web/CController.php(308): CInlineAction->runWithParams(Array)
#4 /opt/nginx/yii/framework/web/CController.php(286): CController->runAction(Object(CInlineAction))
#5 /opt/nginx/yii/framework/web/CController.php(265): CController->runActionWithFilters(Object(CInlineAction), Array)
#6 /opt/nginx/yii/framework/web/CWebApplication.php(282): CController->run('packet')
#7 /opt/nginx/yii/framework/web/CWebApplication.php(141): CWebApplication->runController('site/packet')
#8 /opt/nginx/yii/framework/base/CApplication.php(180): CWebApplication->processRequest()
#9 /opt/nginx/yii/air/index.php(15): CApplication->run()
#10 {main}
REQUEST_URI=/index.php?r=site/packet
HTTP_REFERER=http://10.0.0.1/index.php?r=site/transanction
---
2014/05/31 09:12:31 [error] [system.db.CDbCommand] CDbCommand::fetchAll() failed: SQLSTATE[42S02]: Base table or view not found: 1146 Table 'air.traffic_packet' doesn't exist. The SQL statement executed was: select t_id, t_desc, traffic, price from traffic_packet where category = 'packet' order by price.
in /opt/nginx/yii/air/protected/controllers/SiteController.php (58)
in /opt/nginx/yii/air/index.php (15)
2014/05/31 09:12:31 [error] [exception.CDbException] exception 'CDbException' with message 'CDbCommand failed to execute the SQL statement: SQLSTATE[42S02]: Base table or view not found: 1146 Table 'air.traffic_packet' doesn't exist. The SQL statement executed was: select t_id, t_desc, traffic, price from traffic_packet where category = 'packet' order by price' in /opt/nginx/yii/framework/db/CDbCommand.php:543
Stack trace:
#0 /opt/nginx/yii/framework/db/CDbCommand.php(396): CDbCommand->queryInternal('fetchAll', Array, Array)
#1 /opt/nginx/yii/air/protected/controllers/SiteController.php(58): CDbCommand->queryAll()
#2 /opt/nginx/yii/framework/web/actions/CInlineAction.php(49): SiteController->actionPacket()
#3 /opt/nginx/yii/framework/web/CController.php(308): CInlineAction->runWithParams(Array)
#4 /opt/nginx/yii/framework/web/CController.php(286): CController->runAction(Object(CInlineAction))
#5 /opt/nginx/yii/framework/web/CController.php(265): CController->runActionWithFilters(Object(CInlineAction), Array)
#6 /opt/nginx/yii/framework/web/CWebApplication.php(282): CController->run('packet')
#7 /opt/nginx/yii/framework/web/CWebApplication.php(141): CWebApplication->runController('site/packet')
#8 /opt/nginx/yii/framework/base/CApplication.php(180): CWebApplication->processRequest()
#9 /opt/nginx/yii/air/index.php(15): CApplication->run()
#10 {main}
REQUEST_URI=/index.php?r=site/packet
HTTP_REFERER=http://www.wifi.com/index.php?r=site/transanction
---
2014/05/31 09:19:33 [error] [system.db.CDbCommand] CDbCommand::fetchAll() failed: SQLSTATE[42S02]: Base table or view not found: 1146 Table 'air.traffic_packet' doesn't exist. The SQL statement executed was: select t_id, t_desc, traffic, price from traffic_packet where category = 'packet' order by price.
in /opt/nginx/yii/air/protected/controllers/SiteController.php (58)
in /opt/nginx/yii/air/index.php (15)
2014/05/31 09:19:33 [error] [exception.CDbException] exception 'CDbException' with message 'CDbCommand failed to execute the SQL statement: SQLSTATE[42S02]: Base table or view not found: 1146 Table 'air.traffic_packet' doesn't exist. The SQL statement executed was: select t_id, t_desc, traffic, price from traffic_packet where category = 'packet' order by price' in /opt/nginx/yii/framework/db/CDbCommand.php:543
Stack trace:
#0 /opt/nginx/yii/framework/db/CDbCommand.php(396): CDbCommand->queryInternal('fetchAll', Array, Array)
#1 /opt/nginx/yii/air/protected/controllers/SiteController.php(58): CDbCommand->queryAll()
#2 /opt/nginx/yii/framework/web/actions/CInlineAction.php(49): SiteController->actionPacket()
#3 /opt/nginx/yii/framework/web/CController.php(308): CInlineAction->runWithParams(Array)
#4 /opt/nginx/yii/framework/web/CController.php(286): CController->runAction(Object(CInlineAction))
#5 /opt/nginx/yii/framework/web/CController.php(265): CController->runActionWithFilters(Object(CInlineAction), Array)
#6 /opt/nginx/yii/framework/web/CWebApplication.php(282): CController->run('packet')
#7 /opt/nginx/yii/framework/web/CWebApplication.php(141): CWebApplication->runController('site/packet')
#8 /opt/nginx/yii/framework/base/CApplication.php(180): CWebApplication->processRequest()
#9 /opt/nginx/yii/air/index.php(15): CApplication->run()
#10 {main}
REQUEST_URI=/index.php?r=site/packet
HTTP_REFERER=http://www.wifi.com/index.php?r=site/transanction
---
2014/05/31 09:28:43 [error] [system.db.CDbCommand] CDbCommand::fetchAll() failed: SQLSTATE[42S22]: Column not found: 1054 Unknown column 't_id' in 'field list'. The SQL statement executed was: select t_id, t_desc, traffic, price from packet_info where category = 'packet' order by price.
in /opt/nginx/yii/air/protected/controllers/SiteController.php (58)
in /opt/nginx/yii/air/index.php (15)
2014/05/31 09:28:43 [error] [exception.CDbException] exception 'CDbException' with message 'CDbCommand failed to execute the SQL statement: SQLSTATE[42S22]: Column not found: 1054 Unknown column 't_id' in 'field list'. The SQL statement executed was: select t_id, t_desc, traffic, price from packet_info where category = 'packet' order by price' in /opt/nginx/yii/framework/db/CDbCommand.php:543
Stack trace:
#0 /opt/nginx/yii/framework/db/CDbCommand.php(396): CDbCommand->queryInternal('fetchAll', Array, Array)
#1 /opt/nginx/yii/air/protected/controllers/SiteController.php(58): CDbCommand->queryAll()
#2 /opt/nginx/yii/framework/web/actions/CInlineAction.php(49): SiteController->actionPacket()
#3 /opt/nginx/yii/framework/web/CController.php(308): CInlineAction->runWithParams(Array)
#4 /opt/nginx/yii/framework/web/CController.php(286): CController->runAction(Object(CInlineAction))
#5 /opt/nginx/yii/framework/web/CController.php(265): CController->runActionWithFilters(Object(CInlineAction), Array)
#6 /opt/nginx/yii/framework/web/CWebApplication.php(282): CController->run('packet')
#7 /opt/nginx/yii/framework/web/CWebApplication.php(141): CWebApplication->runController('site/packet')
#8 /opt/nginx/yii/framework/base/CApplication.php(180): CWebApplication->processRequest()
#9 /opt/nginx/yii/air/index.php(15): CApplication->run()
#10 {main}
REQUEST_URI=/index.php?r=site/packet
HTTP_REFERER=http://10.0.0.1/index.php?r=site/transanction
---
2014/05/31 09:29:47 [error] [system.db.CDbCommand] CDbCommand::fetchAll() failed: SQLSTATE[42S22]: Column not found: 1054 Unknown column 't_id' in 'field list'. The SQL statement executed was: select t_id, t_desc, traffic, price from packet_info where category = 'packet' order by price.
in /opt/nginx/yii/air/protected/controllers/SiteController.php (58)
in /opt/nginx/yii/air/index.php (15)
2014/05/31 09:29:47 [error] [exception.CDbException] exception 'CDbException' with message 'CDbCommand failed to execute the SQL statement: SQLSTATE[42S22]: Column not found: 1054 Unknown column 't_id' in 'field list'. The SQL statement executed was: select t_id, t_desc, traffic, price from packet_info where category = 'packet' order by price' in /opt/nginx/yii/framework/db/CDbCommand.php:543
Stack trace:
#0 /opt/nginx/yii/framework/db/CDbCommand.php(396): CDbCommand->queryInternal('fetchAll', Array, Array)
#1 /opt/nginx/yii/air/protected/controllers/SiteController.php(58): CDbCommand->queryAll()
#2 /opt/nginx/yii/framework/web/actions/CInlineAction.php(49): SiteController->actionPacket()
#3 /opt/nginx/yii/framework/web/CController.php(308): CInlineAction->runWithParams(Array)
#4 /opt/nginx/yii/framework/web/CController.php(286): CController->runAction(Object(CInlineAction))
#5 /opt/nginx/yii/framework/web/CController.php(265): CController->runActionWithFilters(Object(CInlineAction), Array)
#6 /opt/nginx/yii/framework/web/CWebApplication.php(282): CController->run('packet')
#7 /opt/nginx/yii/framework/web/CWebApplication.php(141): CWebApplication->runController('site/packet')
#8 /opt/nginx/yii/framework/base/CApplication.php(180): CWebApplication->processRequest()
#9 /opt/nginx/yii/air/index.php(15): CApplication->run()
#10 {main}
REQUEST_URI=/index.php?r=site/packet
HTTP_REFERER=http://10.0.0.1/index.php?r=site/transanction
---
2014/05/31 09:29:53 [error] [system.db.CDbCommand] CDbCommand::fetchAll() failed: SQLSTATE[42S22]: Column not found: 1054 Unknown column 't_id' in 'field list'. The SQL statement executed was: select t_id, t_desc, traffic, price from packet_info where category = 'packet' order by price.
in /opt/nginx/yii/air/protected/controllers/SiteController.php (58)
in /opt/nginx/yii/air/index.php (15)
2014/05/31 09:29:53 [error] [exception.CDbException] exception 'CDbException' with message 'CDbCommand failed to execute the SQL statement: SQLSTATE[42S22]: Column not found: 1054 Unknown column 't_id' in 'field list'. The SQL statement executed was: select t_id, t_desc, traffic, price from packet_info where category = 'packet' order by price' in /opt/nginx/yii/framework/db/CDbCommand.php:543
Stack trace:
#0 /opt/nginx/yii/framework/db/CDbCommand.php(396): CDbCommand->queryInternal('fetchAll', Array, Array)
#1 /opt/nginx/yii/air/protected/controllers/SiteController.php(58): CDbCommand->queryAll()
#2 /opt/nginx/yii/framework/web/actions/CInlineAction.php(49): SiteController->actionPacket()
#3 /opt/nginx/yii/framework/web/CController.php(308): CInlineAction->runWithParams(Array)
#4 /opt/nginx/yii/framework/web/CController.php(286): CController->runAction(Object(CInlineAction))
#5 /opt/nginx/yii/framework/web/CController.php(265): CController->runActionWithFilters(Object(CInlineAction), Array)
#6 /opt/nginx/yii/framework/web/CWebApplication.php(282): CController->run('packet')
#7 /opt/nginx/yii/framework/web/CWebApplication.php(141): CWebApplication->runController('site/packet')
#8 /opt/nginx/yii/framework/base/CApplication.php(180): CWebApplication->processRequest()
#9 /opt/nginx/yii/air/index.php(15): CApplication->run()
#10 {main}
REQUEST_URI=/index.php?r=site/packet
HTTP_REFERER=http://10.0.0.1/index.php?r=site/transanction
---
2014/05/31 09:30:21 [error] [system.db.CDbCommand] CDbCommand::fetchAll() failed: SQLSTATE[42S22]: Column not found: 1054 Unknown column 't_desc' in 'field list'. The SQL statement executed was: select packet_id, t_desc, traffic, price from packet_info where category = 'packet' order by price.
in /opt/nginx/yii/air/protected/controllers/SiteController.php (58)
in /opt/nginx/yii/air/index.php (15)
2014/05/31 09:30:21 [error] [exception.CDbException] exception 'CDbException' with message 'CDbCommand failed to execute the SQL statement: SQLSTATE[42S22]: Column not found: 1054 Unknown column 't_desc' in 'field list'. The SQL statement executed was: select packet_id, t_desc, traffic, price from packet_info where category = 'packet' order by price' in /opt/nginx/yii/framework/db/CDbCommand.php:543
Stack trace:
#0 /opt/nginx/yii/framework/db/CDbCommand.php(396): CDbCommand->queryInternal('fetchAll', Array, Array)
#1 /opt/nginx/yii/air/protected/controllers/SiteController.php(58): CDbCommand->queryAll()
#2 /opt/nginx/yii/framework/web/actions/CInlineAction.php(49): SiteController->actionPacket()
#3 /opt/nginx/yii/framework/web/CController.php(308): CInlineAction->runWithParams(Array)
#4 /opt/nginx/yii/framework/web/CController.php(286): CController->runAction(Object(CInlineAction))
#5 /opt/nginx/yii/framework/web/CController.php(265): CController->runActionWithFilters(Object(CInlineAction), Array)
#6 /opt/nginx/yii/framework/web/CWebApplication.php(282): CController->run('packet')
#7 /opt/nginx/yii/framework/web/CWebApplication.php(141): CWebApplication->runController('site/packet')
#8 /opt/nginx/yii/framework/base/CApplication.php(180): CWebApplication->processRequest()
#9 /opt/nginx/yii/air/index.php(15): CApplication->run()
#10 {main}
REQUEST_URI=/index.php?r=site/packet
HTTP_REFERER=http://10.0.0.1/index.php?r=site/transanction
---
2014/05/31 09:31:34 [error] [system.db.CDbCommand] CDbCommand::fetchAll() failed: SQLSTATE[42S22]: Column not found: 1054 Unknown column 'pi.t_desc' in 'field list'. The SQL statement executed was: select pi.packet_id, pi.t_desc, pi.traffic, pi.price,pi.movie_tickets from packet_info as pi,packet_auto as po
                where pi.packet_id=pi.packet_id and pi.category = 'packet' and po.user_name='mi'
                and po.enable_state='enable' order by price.
in /opt/nginx/yii/air/protected/controllers/SiteController.php (69)
in /opt/nginx/yii/air/index.php (15)
2014/05/31 09:31:34 [error] [exception.CDbException] exception 'CDbException' with message 'CDbCommand failed to execute the SQL statement: SQLSTATE[42S22]: Column not found: 1054 Unknown column 'pi.t_desc' in 'field list'. The SQL statement executed was: select pi.packet_id, pi.t_desc, pi.traffic, pi.price,pi.movie_tickets from packet_info as pi,packet_auto as po
                where pi.packet_id=pi.packet_id and pi.category = 'packet' and po.user_name='mi'
                and po.enable_state='enable' order by price' in /opt/nginx/yii/framework/db/CDbCommand.php:543
Stack trace:
#0 /opt/nginx/yii/framework/db/CDbCommand.php(396): CDbCommand->queryInternal('fetchAll', Array, Array)
#1 /opt/nginx/yii/air/protected/controllers/SiteController.php(69): CDbCommand->queryAll()
#2 /opt/nginx/yii/framework/web/actions/CInlineAction.php(49): SiteController->actionPacket()
#3 /opt/nginx/yii/framework/web/CController.php(308): CInlineAction->runWithParams(Array)
#4 /opt/nginx/yii/framework/web/CController.php(286): CController->runAction(Object(CInlineAction))
#5 /opt/nginx/yii/framework/web/CController.php(265): CController->runActionWithFilters(Object(CInlineAction), Array)
#6 /opt/nginx/yii/framework/web/CWebApplication.php(282): CController->run('packet')
#7 /opt/nginx/yii/framework/web/CWebApplication.php(141): CWebApplication->runController('site/packet')
#8 /opt/nginx/yii/framework/base/CApplication.php(180): CWebApplication->processRequest()
#9 /opt/nginx/yii/air/index.php(15): CApplication->run()
#10 {main}
REQUEST_URI=/index.php?r=site/packet
HTTP_REFERER=http://10.0.0.1/index.php?r=site/transanction
---
2014/05/31 13:29:21 [error] [exception.CHttpException.404] exception 'CHttpException' with message 'The system is unable to find the requested action "packet".' in /opt/nginx/yii/framework/web/CController.php:483
Stack trace:
#0 /opt/nginx/yii/framework/web/CController.php(270): CController->missingAction('packet')
#1 /opt/nginx/yii/framework/web/CWebApplication.php(282): CController->run('packet')
#2 /opt/nginx/yii/framework/web/CWebApplication.php(141): CWebApplication->runController('site/packet')
#3 /opt/nginx/yii/framework/base/CApplication.php(180): CWebApplication->processRequest()
#4 /opt/nginx/yii/air/index.php(15): CApplication->run()
#5 {main}
REQUEST_URI=/index.php?r=site/packet
HTTP_REFERER=http://10.0.0.1/index.php?r=site/transanction
---
2014/05/31 13:40:15 [error] [php] Undefined variable: message (/opt/nginx/yii/air/protected/views/site/warning.php:14)
Stack trace:
#0 /opt/nginx/yii/framework/web/CController.php(869): SiteController->renderFile()
#1 /opt/nginx/yii/framework/web/CController.php(782): SiteController->renderPartial()
#2 /opt/nginx/yii/air/protected/controllers/SiteController.php(116): SiteController->render()
#3 /opt/nginx/yii/framework/web/actions/CInlineAction.php(49): SiteController->actionWarning()
#4 /opt/nginx/yii/framework/web/CController.php(308): CInlineAction->runWithParams()
#5 /opt/nginx/yii/framework/web/CController.php(286): SiteController->runAction()
#6 /opt/nginx/yii/framework/web/CController.php(265): SiteController->runActionWithFilters()
#7 /opt/nginx/yii/framework/web/CWebApplication.php(282): SiteController->run()
#8 /opt/nginx/yii/framework/web/CWebApplication.php(141): CWebApplication->runController()
#9 /opt/nginx/yii/framework/base/CApplication.php(180): CWebApplication->processRequest()
#10 /opt/nginx/yii/air/index.php(15): CWebApplication->run()
REQUEST_URI=/index.php?r=site/warning
in /opt/nginx/yii/air/protected/views/site/warning.php (14)
in /opt/nginx/yii/air/protected/controllers/SiteController.php (116)
in /opt/nginx/yii/air/index.php (15)
2014/05/31 13:41:52 [error] [php] Undefined variable: message (/opt/nginx/yii/air/protected/views/site/warning.php:14)
Stack trace:
#0 /opt/nginx/yii/framework/web/CController.php(869): SiteController->renderFile()
#1 /opt/nginx/yii/framework/web/CController.php(782): SiteController->renderPartial()
#2 /opt/nginx/yii/air/protected/controllers/SiteController.php(116): SiteController->render()
#3 /opt/nginx/yii/framework/web/actions/CInlineAction.php(49): SiteController->actionWarning()
#4 /opt/nginx/yii/framework/web/CController.php(308): CInlineAction->runWithParams()
#5 /opt/nginx/yii/framework/web/CController.php(286): SiteController->runAction()
#6 /opt/nginx/yii/framework/web/CController.php(265): SiteController->runActionWithFilters()
#7 /opt/nginx/yii/framework/web/CWebApplication.php(282): SiteController->run()
#8 /opt/nginx/yii/framework/web/CWebApplication.php(141): CWebApplication->runController()
#9 /opt/nginx/yii/framework/base/CApplication.php(180): CWebApplication->processRequest()
#10 /opt/nginx/yii/air/index.php(15): CWebApplication->run()
REQUEST_URI=/index.php?r=site/warning
in /opt/nginx/yii/air/protected/views/site/warning.php (14)
in /opt/nginx/yii/air/protected/controllers/SiteController.php (116)
in /opt/nginx/yii/air/index.php (15)
2014/05/31 13:43:52 [error] [php] Undefined variable: message (/opt/nginx/yii/air/protected/views/site/warning.php:14)
Stack trace:
#0 /opt/nginx/yii/framework/web/CController.php(869): SiteController->renderFile()
#1 /opt/nginx/yii/framework/web/CController.php(782): SiteController->renderPartial()
#2 /opt/nginx/yii/air/protected/controllers/SiteController.php(116): SiteController->render()
#3 /opt/nginx/yii/framework/web/actions/CInlineAction.php(49): SiteController->actionWarning()
#4 /opt/nginx/yii/framework/web/CController.php(308): CInlineAction->runWithParams()
#5 /opt/nginx/yii/framework/web/CController.php(286): SiteController->runAction()
#6 /opt/nginx/yii/framework/web/CController.php(265): SiteController->runActionWithFilters()
#7 /opt/nginx/yii/framework/web/CWebApplication.php(282): SiteController->run()
#8 /opt/nginx/yii/framework/web/CWebApplication.php(141): CWebApplication->runController()
#9 /opt/nginx/yii/framework/base/CApplication.php(180): CWebApplication->processRequest()
#10 /opt/nginx/yii/air/index.php(15): CWebApplication->run()
REQUEST_URI=/index.php?r=site/warning
in /opt/nginx/yii/air/protected/views/site/warning.php (14)
in /opt/nginx/yii/air/protected/controllers/SiteController.php (116)
in /opt/nginx/yii/air/index.php (15)
2014/05/31 13:45:25 [error] [php] Use of undefined constant retData - assumed 'retData' (/opt/nginx/yii/air/protected/controllers/SiteController.php:118)
Stack trace:
#0 /opt/nginx/yii/framework/web/CController.php(286): SiteController->runAction()
#1 /opt/nginx/yii/framework/web/CController.php(265): SiteController->runActionWithFilters()
#2 /opt/nginx/yii/framework/web/CWebApplication.php(282): SiteController->run()
#3 /opt/nginx/yii/framework/web/CWebApplication.php(141): CWebApplication->runController()
#4 /opt/nginx/yii/framework/base/CApplication.php(180): CWebApplication->processRequest()
#5 /opt/nginx/yii/air/index.php(15): CWebApplication->run()
REQUEST_URI=/index.php?r=site/warning
in /opt/nginx/yii/air/protected/controllers/SiteController.php (118)
in /opt/nginx/yii/air/index.php (15)
2014/05/31 13:45:26 [error] [php] Use of undefined constant retData - assumed 'retData' (/opt/nginx/yii/air/protected/controllers/SiteController.php:118)
Stack trace:
#0 /opt/nginx/yii/framework/web/CController.php(286): SiteController->runAction()
#1 /opt/nginx/yii/framework/web/CController.php(265): SiteController->runActionWithFilters()
#2 /opt/nginx/yii/framework/web/CWebApplication.php(282): SiteController->run()
#3 /opt/nginx/yii/framework/web/CWebApplication.php(141): CWebApplication->runController()
#4 /opt/nginx/yii/framework/base/CApplication.php(180): CWebApplication->processRequest()
#5 /opt/nginx/yii/air/index.php(15): CWebApplication->run()
REQUEST_URI=/index.php?r=site/warning
in /opt/nginx/yii/air/protected/controllers/SiteController.php (118)
in /opt/nginx/yii/air/index.php (15)
2014/05/31 13:47:04 [error] [exception.CHttpException.404] exception 'CHttpException' with message 'Unable to resolve the request "index".' in /opt/nginx/yii/framework/web/CWebApplication.php:286
Stack trace:
#0 /opt/nginx/yii/framework/web/CWebApplication.php(141): CWebApplication->runController('index')
#1 /opt/nginx/yii/framework/base/CApplication.php(180): CWebApplication->processRequest()
#2 /opt/nginx/yii/air/index.php(15): CApplication->run()
#3 {main}
REQUEST_URI=/index.php?r=index
HTTP_REFERER=http://10.0.0.1/index.php?r=site/warning
---
2014/05/31 13:47:18 [error] [exception.CHttpException.404] exception 'CHttpException' with message 'Unable to resolve the request "index".' in /opt/nginx/yii/framework/web/CWebApplication.php:286
Stack trace:
#0 /opt/nginx/yii/framework/web/CWebApplication.php(141): CWebApplication->runController('index')
#1 /opt/nginx/yii/framework/base/CApplication.php(180): CWebApplication->processRequest()
#2 /opt/nginx/yii/air/index.php(15): CApplication->run()
#3 {main}
REQUEST_URI=/index.php?r=index
---
